<?xml version="1.0" encoding="UTF-8"?>
<!-- Generated by org.testng.reporters.JUnitXMLReporter -->
<testsuite ignored="0" hostname="DDES-0415" failures="1" tests="4" name="Multiplefoldercreation" time="6.079" errors="0" timestamp="14 May 2021 03:17:13 GMT">
  <testcase classname="Labelling_CreateMultipleFolder" name="Step00_Init" time="0.394"/>
  <testcase classname="Labelling_CreateMultipleFolder" name="Step01_Login" time="1.24"/>
  <testcase classname="Labelling_CreateMultipleFolder" name="Step02_OpenLabellingPage" time="0.688"/>
  <testcase classname="Labelling_CreateMultipleFolder" name="Step03_CreateMultipleFolder" time="1.018">
    <failure type="java.lang.AssertionError" message="User ID already exists! expected [true] but found [false]">
      <![CDATA[java.lang.AssertionError: User ID already exists! expected [true] but found [false]
at PageObject.LabellingPage.clickSaveNewEmployeePopup(LabellingPage.java:93)
at Labelling_CreateMultipleFolder.Step03_CreateMultipleFolder(Labelling_CreateMultipleFolder.java:69)
... Removed 27 stack frames]]>
    </failure>
  </testcase> <!-- Step03_CreateMultipleFolder -->
</testsuite> <!-- Multiplefoldercreation -->
